<?xml version="1.0" encoding="UTF-8"?>
<!-- Generated by org.testng.reporters.JUnitXMLReporter -->
<testsuite hostname="DESKTOP-GV7RKL6" name="Test" tests="3" failures="0" timestamp="13 Dec 2019 16:35:09 GMT" time="17.615" errors="0">
  <testcase name="ProQuestHome" time="14.118" classname="com.getTitles.writeToFile.ProQuestHomepage"/>
  <testcase name="getTitlesWriteToAfile" time="0.307" classname="com.getTitles.writeToFile.getTitlesWriteToFile"/>
  <testcase name="searchQAGetScreenshot" time="3.168" classname="com.search.getScreenshot.searchGetScreenshot"/>
</testsuite> <!-- Test -->
