<?xml version="1.0" encoding="UTF-8"?>
<testng-results skipped="0" failed="0" total="3" passed="3">
  <reporter-output>
  </reporter-output>
  <suite name="Suite" duration-ms="17615" started-at="2019-12-13T16:34:51Z" finished-at="2019-12-13T16:35:09Z">
    <groups>
    </groups>
    <test name="Test" duration-ms="17615" started-at="2019-12-13T16:34:51Z" finished-at="2019-12-13T16:35:09Z">
      <class name="com.getTitles.writeToFile.ProQuestHomepage">
        <test-method status="PASS" signature="ProQuestHome()[pri:1, instance:com.getTitles.writeToFile.ProQuestHomepage@5056dfcb]" name="ProQuestHome" duration-ms="14118" started-at="2019-12-13T11:34:51Z" finished-at="2019-12-13T11:35:05Z">
          <reporter-output>
          </reporter-output>
        </test-method> <!-- ProQuestHome -->
      </class> <!-- com.getTitles.writeToFile.ProQuestHomepage -->
      <class name="com.search.getScreenshot.searchGetScreenshot">
        <test-method status="PASS" signature="searchQAGetScreenshot()[pri:3, instance:com.search.getScreenshot.searchGetScreenshot@458ad742]" name="searchQAGetScreenshot" duration-ms="3168" started-at="2019-12-13T11:35:05Z" finished-at="2019-12-13T11:35:09Z">
          <reporter-output>
          </reporter-output>
        </test-method> <!-- searchQAGetScreenshot -->
      </class> <!-- com.search.getScreenshot.searchGetScreenshot -->
      <class name="com.getTitles.writeToFile.getTitlesWriteToFile">
        <test-method status="PASS" signature="getTitlesWriteToAfile()[pri:2, instance:com.getTitles.writeToFile.getTitlesWriteToFile@2344fc66]" name="getTitlesWriteToAfile" duration-ms="307" started-at="2019-12-13T11:35:05Z" finished-at="2019-12-13T11:35:05Z">
          <reporter-output>
          </reporter-output>
        </test-method> <!-- getTitlesWriteToAfile -->
      </class> <!-- com.getTitles.writeToFile.getTitlesWriteToFile -->
    </test> <!-- Test -->
  </suite> <!-- Suite -->
</testng-results>
